2022-05-27 09:03:23 add bullseye deb main amd64 deepin-desktop-base 2022.03.07+r005+gb5251f9-1
2022-05-27 09:17:13 add bullseye deb main amd64 dde-account-faces 1.0.12.1+r001+g099bd8f-1
2022-05-27 09:17:14 add bullseye deb main amd64 dde-manual-content 1.1.2+r001+gc5fc42a-1
2022-05-27 09:17:14 add bullseye deb main amd64 deepin-default-settings-tuning 2021.06.09+r188+ge45dcd0-1
2022-05-27 09:17:14 add bullseye deb main amd64 deepin-default-settings 2021.06.09+r188+ge45dcd0-1
2022-05-27 09:17:14 add bullseye deb main amd64 deepin-gettext-tools 1.0.10+r003+g5ab2f84-1
2022-05-27 09:17:14 add bullseye deb main amd64 deepin-gtk-theme 2020.06.10+r018+g8afed2a-1
2022-05-27 09:17:15 add bullseye deb main amd64 deepin-icon-theme 2021.11.24+r001+g9aabcdad-1
2022-05-27 09:17:15 add bullseye deb main amd64 deepin-screensaver-dbgsym 5.0.4+r056+g275f3da-1
2022-05-27 09:17:15 add bullseye deb main amd64 deepin-screensaver-xscreensaver-data 5.0.4+r056+g275f3da-1
2022-05-27 09:17:15 add bullseye deb main amd64 deepin-screensaver 5.0.4+r056+g275f3da-1
2022-05-27 09:17:15 add bullseye deb main amd64 golang-gir-generator-dbgsym 2.1.0+r003+g4c77163-1
2022-05-27 09:17:15 add bullseye deb main amd64 golang-gir-generator 2.1.0+r003+g4c77163-1
2022-05-27 09:17:15 add bullseye deb main amd64 golang-gir-gio-2.0-dev 2.1.0+r003+g4c77163-1
2022-05-27 09:17:15 add bullseye deb main amd64 golang-gir-glib-2.0-dev 2.1.0+r003+g4c77163-1
2022-05-27 09:17:15 add bullseye deb main amd64 golang-gir-gobject-2.0-dev 2.1.0+r003+g4c77163-1
2022-05-27 09:17:15 add bullseye deb main amd64 golang-gir-gudev-1.0-dev 2.1.0+r003+g4c77163-1
2022-05-27 09:17:15 add bullseye deb main amd64 golang-github-linuxdeepin-go-x11-client-dev 0.6.9+r002+gb1df8f7-1
2022-05-27 09:17:15 add bullseye deb main amd64 libdframeworkdbus-dev 5.5.22+r005+g88b4dd6-1
2022-05-27 09:17:15 add bullseye deb main amd64 libdframeworkdbus2-dbgsym 5.5.22+r005+g88b4dd6-1
2022-05-27 09:17:15 add bullseye deb main amd64 libdframeworkdbus2 5.5.22+r005+g88b4dd6-1
2022-05-27 09:17:15 add bullseye deb main amd64 libdtkcommon-dev 5.5.21+r007+g7e4e578-1
2022-05-27 09:17:15 add bullseye deb main amd64 libdtkcommon 5.5.21+r007+g7e4e578-1
2022-05-27 09:17:15 add bullseye deb main amd64 libgio-qt-dbgsym 0.0.11+r002+g2ec44c0-1
2022-05-27 09:17:15 add bullseye deb main amd64 libgio-qt-dev 0.0.11+r002+g2ec44c0-1
2022-05-27 09:17:15 add bullseye deb main amd64 libgio-qt-doc 0.0.11+r002+g2ec44c0-1
2022-05-27 09:17:15 add bullseye deb main amd64 libgio-qt 0.0.11+r002+g2ec44c0-1
2022-05-27 09:17:15 add bullseye deb main amd64 libudisks2-qt5-dbgsym 5.0.6+r002+gaa65fb8-1
2022-05-27 09:17:15 add bullseye deb main amd64 libudisks2-qt5-dev 5.0.6+r002+gaa65fb8-1
2022-05-27 09:17:15 add bullseye deb main amd64 libudisks2-qt5 5.0.6+r002+gaa65fb8-1
2022-05-27 09:17:15 add bullseye deb main amd64 sea-icon-theme 2021.11.24+r001+g9aabcdad-1
2022-06-01 13:19:51 add bullseye deb main amd64 libpulse0 15.99.1+dfsg1-1
2022-06-01 13:19:51 add bullseye deb main amd64 libpulse0-dbgsym 15.99.1+dfsg1-1
2022-06-01 13:19:51 add bullseye deb main amd64 libpulse-dev 15.99.1+dfsg1-1
2022-06-01 13:19:51 add bullseye deb main amd64 libpulsedsp 15.99.1+dfsg1-1
2022-06-01 13:19:51 add bullseye deb main amd64 libpulsedsp-dbgsym 15.99.1+dfsg1-1
2022-06-01 13:19:51 add bullseye deb main amd64 libpulse-mainloop-glib0 15.99.1+dfsg1-1
2022-06-01 13:19:51 add bullseye deb main amd64 libpulse-mainloop-glib0-dbgsym 15.99.1+dfsg1-1
2022-06-01 13:19:51 add bullseye deb main amd64 pulseaudio 15.99.1+dfsg1-1
2022-06-01 13:19:51 add bullseye deb main amd64 pulseaudio-dbgsym 15.99.1+dfsg1-1
2022-06-01 13:19:51 add bullseye deb main amd64 pulseaudio-equalizer 15.99.1+dfsg1-1
2022-06-01 13:19:51 add bullseye deb main amd64 pulseaudio-equalizer-dbgsym 15.99.1+dfsg1-1
2022-06-01 13:19:51 add bullseye deb main amd64 pulseaudio-module-bluetooth 15.99.1+dfsg1-1
2022-06-01 13:19:51 add bullseye deb main amd64 pulseaudio-module-bluetooth-dbgsym 15.99.1+dfsg1-1
2022-06-01 13:19:51 add bullseye deb main amd64 pulseaudio-module-gsettings 15.99.1+dfsg1-1
2022-06-01 13:19:51 add bullseye deb main amd64 pulseaudio-module-gsettings-dbgsym 15.99.1+dfsg1-1
2022-06-01 13:19:51 add bullseye deb main amd64 pulseaudio-module-jack 15.99.1+dfsg1-1
2022-06-01 13:19:51 add bullseye deb main amd64 pulseaudio-module-jack-dbgsym 15.99.1+dfsg1-1
2022-06-01 13:19:51 add bullseye deb main amd64 pulseaudio-module-lirc 15.99.1+dfsg1-1
2022-06-01 13:19:51 add bullseye deb main amd64 pulseaudio-module-lirc-dbgsym 15.99.1+dfsg1-1
2022-06-01 13:19:51 add bullseye deb main amd64 pulseaudio-module-raop 15.99.1+dfsg1-1
2022-06-01 13:19:51 add bullseye deb main amd64 pulseaudio-module-raop-dbgsym 15.99.1+dfsg1-1
2022-06-01 13:19:51 add bullseye deb main amd64 pulseaudio-module-zeroconf 15.99.1+dfsg1-1
2022-06-01 13:19:51 add bullseye deb main amd64 pulseaudio-module-zeroconf-dbgsym 15.99.1+dfsg1-1
2022-06-01 13:19:51 add bullseye deb main amd64 pulseaudio-utils 15.99.1+dfsg1-1
2022-06-01 13:19:51 add bullseye deb main amd64 pulseaudio-utils-dbgsym 15.99.1+dfsg1-1
